<?xml version="1.0" encoding="UTF-8"?>
<!-- Generated by org.testng.reporters.JUnitXMLReporter -->
<testsuite hostname="BDC6-DX-69S6NK2" ignored="0" name="Test" tests="11" failures="2" timestamp="17 Sep 2019 10:08:04 GMT" time="0.078" errors="0">
  <testcase name="f" time="0.006" classname="Day1.testng_demo2"/>
  <testcase name="f1" time="0.002" classname="Day1.testng_demo2"/>
  <testcase name="f" time="0.003" classname="Day1.testng_demo3"/>
  <testcase name="testdemo1" time="0.001" classname="Day1.testng_demo3"/>
  <testcase name="testdemo2" time="0.003" classname="Day1.testng_demo3">
    <failure type="java.lang.AssertionError" message="expected [true] but found [false]">
      <![CDATA[java.lang.AssertionError: expected [true] but found [false]
at Day1.testng_demo3.testdemo2(testng_demo3.java:20)
at java.util.concurrent.FutureTask.run(FutureTask.java:266)
at java.util.concurrent.ThreadPoolExecutor.runWorker(ThreadPoolExecutor.java:1149)
at java.util.concurrent.ThreadPoolExecutor$Worker.run(ThreadPoolExecutor.java:624)
at java.lang.Thread.run(Thread.java:748)
... Removed 20 stack frames]]>
    </failure>
  </testcase> <!-- testdemo2 -->
  <testcase name="testdemo3" time="0.002" classname="Day1.testng_demo3"/>
  <testcase name="testdemo4" time="0.006" classname="Day1.testng_demo3">
    <failure type="java.lang.AssertionError" message="The following asserts failed:
	expected [11] but found [10],
	expected [hello] but found [Hello]">
      <![CDATA[java.lang.AssertionError: The following asserts failed:
expected [11] but found [10],
expected [hello] but found [Hello]
at Day1.testng_demo3.testdemo4(testng_demo3.java:34)
at java.util.concurrent.FutureTask.run(FutureTask.java:266)
at java.util.concurrent.ThreadPoolExecutor.runWorker(ThreadPoolExecutor.java:1149)
at java.util.concurrent.ThreadPoolExecutor$Worker.run(ThreadPoolExecutor.java:624)
at java.lang.Thread.run(Thread.java:748)
... Removed 17 stack frames]]>
    </failure>
  </testcase> <!-- testdemo4 -->
  <testcase name="login" time="0.001" classname="Day1.testng_demo"/>
  <testcase name="register" time="0.001" classname="Day1.testng_demo"/>
  <testcase name="homepage" time="0.001" classname="Day1.testng_demo"/>
  <testcase name="logout" time="0.002" classname="Day1.testng_demo"/>
</testsuite> <!-- Test -->
